╔══════════════════════════════════════════════════════════╗
║       YTG RETAIL — CUSTOMER ORDERS ETL PIPELINE         ║
║       Run timestamp: 2026-06-13  04:28:16                  ║
╚══════════════════════════════════════════════════════════╝

════════════════════════════════════════════════════════════
  PHASE 1 — EXTRACT
════════════════════════════════════════════════════════════
  ✔  Loaded 'customers.csv'  →  11000 rows, 4 columns
  ✔  Loaded 'products.csv'  →  11000 rows, 4 columns
  ✔  Loaded 'orders.csv'  →  10900 rows, 5 columns

  Raw row counts: customers=11000 | products=11000 | orders=10900

════════════════════════════════════════════════════════════
  PHASE 2 — TRANSFORM
════════════════════════════════════════════════════════════

  [2A] Cleaning Customers …
       Duplicates removed: 262 | Missing names dropped | Rows kept: 10738

  [2B] Cleaning Products …
       Duplicates removed: 244 | Non-numeric prices dropped | Rows kept: 10756

  [2C] Cleaning Orders …
       Duplicates removed  : 100
       Missing quantity    : 25
       Invalid dates       : 0
       Zero/negative qty   : 50
       Valid orders kept   : 10725

  [2D] Merging datasets …
       Orders with unknown customer/product (dropped): 114
       Rows after merge: 10611

  [2E] Enriching data …
       total_amount computed for 10611 records

  ✔  Transform complete — final dataset: 10611 rows × 13 columns

════════════════════════════════════════════════════════════
  PHASE 3 — LOAD
════════════════════════════════════════════════════════════
  ✔  Database  : c:\Users\USER\Downloads\YTG Capstone Proect\retail_sales.db
  ✔  Table     : sales_summary
  ✔  Rows saved: 10611

════════════════════════════════════════════════════════════
  PHASE 4 — REPORTING & ANALYSIS
════════════════════════════════════════════════════════════

  📊  [1] TOTAL REVENUE GENERATED
       ₦8,752,005,409.11

  👑  [2] TOP 5 CUSTOMERS BY SPENDING
       1. John Murphy                ₦ 20,957,345.29
       2. Holly Young                ₦ 19,592,377.81
       3. Dr. Christina Ramirez MD   ₦ 19,318,606.84
       4. Walter Palmer              ₦ 18,461,544.00
       5. Melissa Thomas             ₦ 18,435,792.66

  🏆  [3] BEST-SELLING PRODUCTS (by units sold)
       1. Adidas Running Shorts           Units:   87  |  Revenue: ₦ 1,491,166.08
       2. Pressure Cooker 5L              Units:   80  |  Revenue: ₦ 2,971,985.60
       3. Wristwatch (Casio)              Units:   78  |  Revenue: ₦ 3,227,637.66
       4. Smart Watch                     Units:   77  |  Revenue: ₦ 6,050,312.73
       5. Sunglasses (Ray-Ban)            Units:   76  |  Revenue: ₦ 4,231,680.00

  📂  [4] REVENUE BY PRODUCT CATEGORY
       Electronics             ████████████████████  ₦5,838,463,518.92
       Footwear                ██                    ₦743,462,438.71
       Kitchen                 █                     ₦441,992,178.19
       Apparel                 █                     ₦410,234,842.26
       Fashion                 █                     ₦332,086,700.33
       Health                                        ₦278,824,643.73
       Beauty                                        ₦275,003,368.36
       Furniture                                     ₦196,629,752.50
       Sports                                        ₦157,528,773.00
       Food & Beverage                               ₦55,033,323.11
       Accessories                                   ₦22,745,870.00

  📅  [5] MONTHLY SALES TREND
       2021-01  ▓▓▓▓▓▓▓▓▓▓▓▓▓▓▓▓▓▓▓        ₦190,008,280.67
       2021-02  ▓▓▓▓▓▓▓▓▓▓▓▓▓▓             ₦136,260,356.42
       2021-03  ▓▓▓▓▓▓▓▓▓▓▓▓▓▓▓▓▓▓▓▓▓▓▓    ₦224,889,160.65
       2021-04  ▓▓▓▓▓▓▓▓▓▓▓▓▓▓▓▓▓▓▓▓▓      ₦209,299,393.06
       2021-05  ▓▓▓▓▓▓▓▓▓▓▓▓▓▓▓▓▓▓▓▓▓▓     ₦212,722,755.43
       2021-06  ▓▓▓▓▓▓▓▓▓▓▓▓▓▓▓▓▓▓▓▓▓▓▓▓▓  ₦238,348,925.93
       2021-07  ▓▓▓▓▓▓▓▓▓▓▓▓▓▓▓▓           ₦153,528,868.20
       2021-08  ▓▓▓▓▓▓▓▓▓▓▓▓▓▓▓▓▓▓▓        ₦189,019,952.66
       2021-09  ▓▓▓▓▓▓▓▓▓▓▓▓▓▓▓▓▓▓▓        ₦186,757,523.35
       2021-10  ▓▓▓▓▓▓▓▓▓▓▓▓▓▓▓▓▓▓▓▓       ₦194,916,029.83
       2021-11  ▓▓▓▓▓▓▓▓▓▓▓▓▓              ₦132,517,864.92
       2021-12  ▓▓▓▓▓▓▓▓▓▓▓▓▓▓▓▓▓▓         ₦174,656,006.33
       2022-01  ▓▓▓▓▓▓▓▓▓▓▓▓▓▓▓▓▓          ₦165,700,629.40
       2022-02  ▓▓▓▓▓▓▓▓▓▓▓▓▓▓▓            ₦147,519,730.80
       2022-03  ▓▓▓▓▓▓▓▓▓▓▓▓▓▓▓▓▓▓▓        ₦184,998,800.69
       2022-04  ▓▓▓▓▓▓▓▓▓▓▓▓▓▓▓▓▓▓▓▓       ₦199,906,617.73
       2022-05  ▓▓▓▓▓▓▓▓▓▓▓▓▓              ₦130,387,047.77
       2022-06  ▓▓▓▓▓▓▓▓▓▓▓▓▓▓▓▓▓▓▓▓▓      ₦207,162,572.60
       2022-07  ▓▓▓▓▓▓▓▓▓▓▓▓▓▓▓▓▓          ₦165,306,521.06
       2022-08  ▓▓▓▓▓▓▓▓▓▓▓▓▓▓▓▓▓▓▓▓▓▓▓    ₦221,724,953.55
       2022-09  ▓▓▓▓▓▓▓▓▓▓▓▓▓▓▓▓▓          ₦165,933,724.01
       2022-10  ▓▓▓▓▓▓▓▓▓▓▓▓▓▓▓▓▓▓▓▓▓▓     ₦211,264,927.80
       2022-11  ▓▓▓▓▓▓▓▓▓▓▓▓▓▓▓▓▓▓▓        ₦188,878,816.66
       2022-12  ▓▓▓▓▓▓▓▓▓▓▓▓▓▓▓            ₦146,174,272.35
       2023-01  ▓▓▓▓▓▓▓▓▓▓▓▓▓▓▓▓▓▓▓▓       ₦198,901,588.26
       2023-02  ▓▓▓▓▓▓▓▓▓▓▓▓▓▓             ₦137,247,768.32
       2023-03  ▓▓▓▓▓▓▓▓▓▓▓▓▓▓▓▓▓▓▓▓▓▓     ₦213,331,509.19
       2023-04  ▓▓▓▓▓▓▓▓▓▓▓▓▓▓▓▓           ₦152,677,715.55
       2023-05  ▓▓▓▓▓▓▓▓▓▓▓▓▓▓▓▓▓▓▓▓▓▓     ₦210,330,564.55
       2023-06  ▓▓▓▓▓▓▓▓▓▓▓▓▓▓▓▓▓▓▓▓▓▓     ₦213,780,040.32
       2023-07  ▓▓▓▓▓▓▓▓▓▓▓▓▓▓▓▓▓▓▓▓       ₦191,753,781.53
       2023-08  ▓▓▓▓▓▓▓▓▓▓▓▓▓▓             ₦142,249,103.86
       2023-09  ▓▓▓▓▓▓▓▓▓▓▓▓▓▓▓▓▓▓▓▓▓▓     ₦211,799,815.84
       2023-10  ▓▓▓▓▓▓▓▓▓▓▓▓▓▓▓▓▓▓▓▓▓▓     ₦218,043,660.28
       2023-11  ▓▓▓▓▓▓▓▓▓▓▓▓▓▓▓▓▓▓         ₦177,238,551.99
       2023-12  ▓▓▓▓▓▓▓▓▓▓▓▓▓▓▓▓▓▓▓▓▓      ₦205,787,298.39
       2024-01  ▓▓▓▓▓▓▓▓▓▓▓▓▓▓▓▓▓▓▓▓▓▓     ₦215,763,890.50
       2024-02  ▓▓▓▓▓▓▓▓▓▓▓▓▓▓▓▓           ₦158,080,545.14
       2024-03  ▓▓▓▓▓▓▓▓▓▓▓▓▓▓▓▓▓▓▓▓       ₦197,228,569.20
       2024-04  ▓▓▓▓▓▓▓▓▓▓▓▓▓▓▓▓▓▓▓        ₦189,117,190.31
       2024-05  ▓▓▓▓▓▓▓▓▓▓▓▓▓▓▓▓▓▓         ₦180,699,515.74
       2024-06  ▓▓▓▓▓▓▓▓▓▓▓▓▓▓▓▓▓▓▓▓▓      ₦202,412,172.81
       2024-07  ▓▓▓▓▓▓▓▓▓▓▓▓▓▓▓▓▓          ₦165,474,667.17
       2024-08  ▓▓▓▓▓▓▓▓▓▓▓▓▓▓▓▓▓▓         ₦176,166,182.71
       2024-09  ▓▓▓▓▓▓▓▓▓▓▓▓▓▓             ₦138,743,433.66
       2024-10  ▓▓▓▓▓▓▓▓▓▓▓▓▓▓             ₦139,839,061.79
       2024-11  ▓▓▓▓▓▓▓▓▓▓▓▓▓▓▓▓▓▓         ₦175,217,145.99
       2024-12  ▓▓▓▓▓▓▓▓▓▓▓▓▓▓▓▓▓          ₦162,237,904.14

  💡  [6] AVERAGE ORDER VALUE
       Total Orders  : 10611
       Avg Order Value: ₦824,804.96

════════════════════════════════════════════════════════════
  ✅  ETL Pipeline completed successfully.
════════════════════════════════════════════════════════════